<?xml version="1.0" encoding="UTF-8"?>
<!-- Generated by org.testng.reporters.JUnitReportReporter -->
<testsuite hostname="LAPTOP-FTAB5E8O" failures="0" tests="1" name="test.NewTest" time="20.469" errors="0" timestamp="2022-04-02T16:03:17 IST" skipped="0">
  <testcase classname="test.NewTest" name="test1" time="20.469"/>
  <system-out/>
</testsuite> <!-- test.NewTest -->
